,-719504481 - __main__ - WARNING - Could not price spot balance for BRL: 'BinanceController' object has no attribute 'settlement_token'
,-719504481 - __main__ - WARNING - Could not price spot balance for BTC: 'BinanceController' object has no attribute 'settlement_token'
,-719156472 - __main__ - WARNING - Could not price spot balance for ARS: 'BinanceController' object has no attribute 'settlement_token'
,-719156471 - __main__ - WARNING - Could not price spot balance for STX: 'BinanceController' object has no attribute 'settlement_token'
,-719156471 - __main__ - WARNING - Could not price spot balance for FET: 'BinanceController' object has no attribute 'settlement_token'
,-719156470 - __main__ - WARNING - Could not price spot balance for XRP: 'BinanceController' object has no attribute 'settlement_token'
,-719156470 - __main__ - WARNING - Could not price spot balance for BAND: 'BinanceController' object has no attribute 'settlement_token'
,-719156470 - __main__ - WARNING - Could not price spot balance for FDUSD: 'BinanceController' object has no attribute 'settlement_token'
,-719156470 - __main__ - WARNING - Could not price spot balance for RAY: 'BinanceController' object has no attribute 'settlement_token'
,-719156470 - __main__ - WARNING - Could not price spot balance for CAKE: 'BinanceController' object has no attribute 'settlement_token'
,-719156470 - __main__ - WARNING - Could not price spot balance for UNI: 'BinanceController' object has no attribute 'settlement_token'
,-719156470 - __main__ - WARNING - Could not price spot balance for ATOM: 'BinanceController' object has no attribute 'settlement_token'
,-719156470 - __main__ - WARNING - Could not price spot balance for BRL: 'BinanceController' object has no attribute 'settlement_token'
,-719156469 - __main__ - WARNING - Could not price spot balance for DOT: 'BinanceController' object has no attribute 'settlement_token'
,-719156469 - __main__ - WARNING - Could not price spot balance for TUSD: 'BinanceController' object has no attribute 'settlement_token'
,-719156469 - __main__ - WARNING - Could not price spot balance for AXS: 'BinanceController' object has no attribute 'settlement_token'
,-719156469 - __main__ - WARNING - Could not price spot balance for DOGE: 'BinanceController' object has no attribute 'settlement_token'
,-719156469 - __main__ - WARNING - Could not price spot balance for EGLD: 'BinanceController' object has no attribute 'settlement_token'
,-719156469 - __main__ - WARNING - Could not price spot balance for SOLO: 'BinanceController' object has no attribute 'settlement_token'
,-719156469 - __main__ - WARNING - Could not price spot balance for OP: 'BinanceController' object has no attribute 'settlement_token'
,-719156469 - __main__ - WARNING - Could not price spot balance for LDO: 'BinanceController' object has no attribute 'settlement_token'
,-719156469 - __main__ - WARNING - Could not price spot balance for INJ: 'BinanceController' object has no attribute 'settlement_token'
,-719156469 - __main__ - WARNING - Could not price spot balance for BTC: 'BinanceController' object has no attribute 'settlement_token'
,-719156469 - __main__ - WARNING - Could not price spot balance for BNB: 'BinanceController' object has no attribute 'settlement_token'
,-718811479 - __main__ - WARNING - Could not price spot balance for ARS: 'BinanceController' object has no attribute 'settlement_token'
,-718811478 - __main__ - WARNING - Could not price spot balance for STX: 'BinanceController' object has no attribute 'settlement_token'
,-718811478 - __main__ - WARNING - Could not price spot balance for FET: 'BinanceController' object has no attribute 'settlement_token'
,-718811477 - __main__ - WARNING - Could not price spot balance for XRP: 'BinanceController' object has no attribute 'settlement_token'
,-718811477 - __main__ - WARNING - Could not price spot balance for BAND: 'BinanceController' object has no attribute 'settlement_token'
,-718811477 - __main__ - WARNING - Could not price spot balance for FDUSD: 'BinanceController' object has no attribute 'settlement_token'
,-718811477 - __main__ - WARNING - Could not price spot balance for RAY: 'BinanceController' object has no attribute 'settlement_token'
,-718811477 - __main__ - WARNING - Could not price spot balance for CAKE: 'BinanceController' object has no attribute 'settlement_token'
,-718811476 - __main__ - WARNING - Could not price spot balance for UNI: 'BinanceController' object has no attribute 'settlement_token'
,-718811476 - __main__ - WARNING - Could not price spot balance for ATOM: 'BinanceController' object has no attribute 'settlement_token'
,-718811476 - __main__ - WARNING - Could not price spot balance for BRL: 'BinanceController' object has no attribute 'settlement_token'
,-718811476 - __main__ - WARNING - Could not price spot balance for DOT: 'BinanceController' object has no attribute 'settlement_token'
,-718811476 - __main__ - WARNING - Could not price spot balance for TUSD: 'BinanceController' object has no attribute 'settlement_token'
,-718811476 - __main__ - WARNING - Could not price spot balance for AXS: 'BinanceController' object has no attribute 'settlement_token'
,-718811476 - __main__ - WARNING - Could not price spot balance for DOGE: 'BinanceController' object has no attribute 'settlement_token'
,-718811475 - __main__ - WARNING - Could not price spot balance for EGLD: 'BinanceController' object has no attribute 'settlement_token'
,-718811475 - __main__ - WARNING - Could not price spot balance for SOLO: 'BinanceController' object has no attribute 'settlement_token'
,-718811475 - __main__ - WARNING - Could not price spot balance for OP: 'BinanceController' object has no attribute 'settlement_token'
,-718811475 - __main__ - WARNING - Could not price spot balance for LDO: 'BinanceController' object has no attribute 'settlement_token'
,-718811475 - __main__ - WARNING - Could not price spot balance for INJ: 'BinanceController' object has no attribute 'settlement_token'
,-718811475 - __main__ - WARNING - Could not price spot balance for BTC: 'BinanceController' object has no attribute 'settlement_token'
,-718811475 - __main__ - WARNING - Could not price spot balance for BNB: 'BinanceController' object has no attribute 'settlement_token'
,-718361830 - __main__ - INFO - Skipping spot USD pricing for cash asset ARS.
,-718359063 - __main__ - INFO - Skipping spot USD pricing for cash asset BRL.
,-718357365 - __main__ - ERROR - Error fetching spot ticker price for SOLOUSDT: 400 Client Error: Bad Request for url: https://api.binance.com/api/v3/ticker/price?symbol=SOLOUSDT
Traceback (most recent call last):
  File "C:\Users\acer\Documents\brd_asset_management\binance\binance_controller.py", line 391, in get_spot_ticker_price
    response.raise_for_status()
  File "C:\Users\acer\AppData\Local\Programs\Python\Python312\Lib\site-packages\requests\models.py", line 1024, in raise_for_status
    raise HTTPError(http_error_msg, response=self)
requests.exceptions.HTTPError: 400 Client Error: Bad Request for url: https://api.binance.com/api/v3/ticker/price?symbol=SOLOUSDT
,-718357330 - __main__ - WARNING - Could not price spot balance for SOLO: 400 Client Error: Bad Request for url: https://api.binance.com/api/v3/ticker/price?symbol=SOLOUSDT
,-718080266 - __main__ - INFO - Skipping spot USD pricing for cash asset ARS.
,-718077528 - __main__ - INFO - Skipping spot USD pricing for cash asset BRL.
,-718075823 - __main__ - ERROR - Error fetching spot ticker price for SOLOUSDT: 400 Client Error: Bad Request for url: https://api.binance.com/api/v3/ticker/price?symbol=SOLOUSDT
Traceback (most recent call last):
  File "C:\Users\acer\Documents\brd_asset_management\binance\binance_controller.py", line 391, in get_spot_ticker_price
    response.raise_for_status()
  File "C:\Users\acer\AppData\Local\Programs\Python\Python312\Lib\site-packages\requests\models.py", line 1024, in raise_for_status
    raise HTTPError(http_error_msg, response=self)
requests.exceptions.HTTPError: 400 Client Error: Bad Request for url: https://api.binance.com/api/v3/ticker/price?symbol=SOLOUSDT
,-718075821 - __main__ - WARNING - Could not price spot balance for SOLO: 400 Client Error: Bad Request for url: https://api.binance.com/api/v3/ticker/price?symbol=SOLOUSDT
,-718033805 - __main__ - INFO - Skipping spot USD pricing for cash asset ARS.
,-718031040 - __main__ - INFO - Skipping spot USD pricing for cash asset BRL.
,-718029353 - __main__ - ERROR - Error fetching spot ticker price for SOLOUSDT: 400 Client Error: Bad Request for url: https://api.binance.com/api/v3/ticker/price?symbol=SOLOUSDT
Traceback (most recent call last):
  File "C:\Users\acer\Documents\brd_asset_management\binance\binance_controller.py", line 391, in get_spot_ticker_price
    response.raise_for_status()
  File "C:\Users\acer\AppData\Local\Programs\Python\Python312\Lib\site-packages\requests\models.py", line 1024, in raise_for_status
    raise HTTPError(http_error_msg, response=self)
requests.exceptions.HTTPError: 400 Client Error: Bad Request for url: https://api.binance.com/api/v3/ticker/price?symbol=SOLOUSDT
,-718029350 - __main__ - WARNING - Could not price spot balance for SOLO: 400 Client Error: Bad Request for url: https://api.binance.com/api/v3/ticker/price?symbol=SOLOUSDT
,-717501569 - __main__ - INFO - Skipping spot USD pricing for cash asset ARS.
,-717498828 - __main__ - INFO - Skipping spot USD pricing for cash asset BRL.
,-717497125 - __main__ - ERROR - Error fetching spot ticker price for SOLOUSDT: 400 Client Error: Bad Request for url: https://api.binance.com/api/v3/ticker/price?symbol=SOLOUSDT
Traceback (most recent call last):
  File "C:\Users\acer\Documents\brd_asset_management\binance\binance_controller.py", line 391, in get_spot_ticker_price
    response.raise_for_status()
  File "C:\Users\acer\AppData\Local\Programs\Python\Python312\Lib\site-packages\requests\models.py", line 1024, in raise_for_status
    raise HTTPError(http_error_msg, response=self)
requests.exceptions.HTTPError: 400 Client Error: Bad Request for url: https://api.binance.com/api/v3/ticker/price?symbol=SOLOUSDT
,-717497123 - __main__ - WARNING - Could not price spot balance for SOLO: 400 Client Error: Bad Request for url: https://api.binance.com/api/v3/ticker/price?symbol=SOLOUSDT
,-717494642 - __main__ - INFO - Submitting spot order: {'symbol': 'BTCUSDT', 'type': 'MARKET', 'side': 'SELL', 'quantity': '0.0004'}
,-717494348 - __main__ - INFO - Binance spot order response: {'symbol': 'BTCUSDT', 'orderId': 61166713588, 'orderListId': -1, 'clientOrderId': 'mxFuZxkmzFZ8rBjz3HxJbJ', 'transactTime': 1777398966182, 'price': '0.00000000', 'origQty': '0.00040000', 'executedQty': '0.00040000', 'origQuoteOrderQty': '0.00000000', 'cummulativeQuoteQty': '30.47685200', 'status': 'FILLED', 'timeInForce': 'GTC', 'type': 'MARKET', 'side': 'SELL', 'workingTime': 1777398966182, 'fills': [{'price': '76192.13000000', 'qty': '0.00040000', 'commission': '0.03047685', 'commissionAsset': 'USDT', 'tradeId': 6258774789}], 'selfTradePreventionMode': 'EXPIRE_MAKER'}
,-717476370 - __main__ - INFO - Skipping spot USD pricing for cash asset ARS.
,-717473640 - __main__ - INFO - Skipping spot USD pricing for cash asset BRL.
,-717471910 - __main__ - ERROR - Error fetching spot ticker price for SOLOUSDT: 400 Client Error: Bad Request for url: https://api.binance.com/api/v3/ticker/price?symbol=SOLOUSDT
Traceback (most recent call last):
  File "C:\Users\acer\Documents\brd_asset_management\binance\binance_controller.py", line 391, in get_spot_ticker_price
    response.raise_for_status()
  File "C:\Users\acer\AppData\Local\Programs\Python\Python312\Lib\site-packages\requests\models.py", line 1024, in raise_for_status
    raise HTTPError(http_error_msg, response=self)
requests.exceptions.HTTPError: 400 Client Error: Bad Request for url: https://api.binance.com/api/v3/ticker/price?symbol=SOLOUSDT
,-717471907 - __main__ - WARNING - Could not price spot balance for SOLO: 400 Client Error: Bad Request for url: https://api.binance.com/api/v3/ticker/price?symbol=SOLOUSDT
